[2024-05-01T18:17:24.964+0000] {processor.py:161} INFO - Started process (PID=12954) to work on /opt/airflow/dags/daily_nft_etl.py
[2024-05-01T18:17:24.969+0000] {processor.py:830} INFO - Processing file /opt/airflow/dags/daily_nft_etl.py for tasks to queue
[2024-05-01T18:17:24.972+0000] {logging_mixin.py:188} INFO - [2024-05-01T18:17:24.971+0000] {dagbag.py:540} INFO - Filling up the DagBag from /opt/airflow/dags/daily_nft_etl.py
[2024-05-01T18:17:25.461+0000] {processor.py:840} INFO - DAG(s) 'daily_nft_etl' retrieved from /opt/airflow/dags/daily_nft_etl.py
[2024-05-01T18:17:25.484+0000] {logging_mixin.py:188} INFO - [2024-05-01T18:17:25.484+0000] {dag.py:3047} INFO - Sync 1 DAGs
[2024-05-01T18:17:25.502+0000] {logging_mixin.py:188} INFO - [2024-05-01T18:17:25.501+0000] {dag.py:3834} INFO - Setting next_dagrun for daily_nft_etl to 2024-05-01 00:00:00+00:00, run_after=2024-05-02 00:00:00+00:00
[2024-05-01T18:17:25.514+0000] {processor.py:183} INFO - Processing /opt/airflow/dags/daily_nft_etl.py took 0.563 seconds
[2024-05-01T18:17:55.968+0000] {processor.py:161} INFO - Started process (PID=12980) to work on /opt/airflow/dags/daily_nft_etl.py
[2024-05-01T18:17:55.971+0000] {processor.py:830} INFO - Processing file /opt/airflow/dags/daily_nft_etl.py for tasks to queue
[2024-05-01T18:17:55.973+0000] {logging_mixin.py:188} INFO - [2024-05-01T18:17:55.972+0000] {dagbag.py:540} INFO - Filling up the DagBag from /opt/airflow/dags/daily_nft_etl.py
[2024-05-01T18:17:56.466+0000] {processor.py:840} INFO - DAG(s) 'daily_nft_etl' retrieved from /opt/airflow/dags/daily_nft_etl.py
[2024-05-01T18:17:56.506+0000] {logging_mixin.py:188} INFO - [2024-05-01T18:17:56.505+0000] {dag.py:3047} INFO - Sync 1 DAGs
[2024-05-01T18:17:56.525+0000] {logging_mixin.py:188} INFO - [2024-05-01T18:17:56.524+0000] {dag.py:3834} INFO - Setting next_dagrun for daily_nft_etl to 2024-05-01 00:00:00+00:00, run_after=2024-05-02 00:00:00+00:00
[2024-05-01T18:17:56.554+0000] {processor.py:183} INFO - Processing /opt/airflow/dags/daily_nft_etl.py took 0.599 seconds
[2024-05-01T18:18:27.105+0000] {processor.py:161} INFO - Started process (PID=13006) to work on /opt/airflow/dags/daily_nft_etl.py
[2024-05-01T18:18:27.110+0000] {processor.py:830} INFO - Processing file /opt/airflow/dags/daily_nft_etl.py for tasks to queue
[2024-05-01T18:18:27.112+0000] {logging_mixin.py:188} INFO - [2024-05-01T18:18:27.112+0000] {dagbag.py:540} INFO - Filling up the DagBag from /opt/airflow/dags/daily_nft_etl.py
[2024-05-01T18:18:27.596+0000] {processor.py:840} INFO - DAG(s) 'daily_nft_etl' retrieved from /opt/airflow/dags/daily_nft_etl.py
[2024-05-01T18:18:27.625+0000] {logging_mixin.py:188} INFO - [2024-05-01T18:18:27.625+0000] {dag.py:3047} INFO - Sync 1 DAGs
[2024-05-01T18:18:27.642+0000] {logging_mixin.py:188} INFO - [2024-05-01T18:18:27.642+0000] {dag.py:3834} INFO - Setting next_dagrun for daily_nft_etl to 2024-05-01 00:00:00+00:00, run_after=2024-05-02 00:00:00+00:00
[2024-05-01T18:18:27.657+0000] {processor.py:183} INFO - Processing /opt/airflow/dags/daily_nft_etl.py took 0.565 seconds
[2024-05-01T18:18:58.104+0000] {processor.py:161} INFO - Started process (PID=13032) to work on /opt/airflow/dags/daily_nft_etl.py
[2024-05-01T18:18:58.115+0000] {processor.py:830} INFO - Processing file /opt/airflow/dags/daily_nft_etl.py for tasks to queue
[2024-05-01T18:18:58.120+0000] {logging_mixin.py:188} INFO - [2024-05-01T18:18:58.120+0000] {dagbag.py:540} INFO - Filling up the DagBag from /opt/airflow/dags/daily_nft_etl.py
[2024-05-01T18:18:58.947+0000] {processor.py:840} INFO - DAG(s) 'daily_nft_etl' retrieved from /opt/airflow/dags/daily_nft_etl.py
[2024-05-01T18:18:59.004+0000] {logging_mixin.py:188} INFO - [2024-05-01T18:18:59.003+0000] {dag.py:3047} INFO - Sync 1 DAGs
[2024-05-01T18:18:59.030+0000] {logging_mixin.py:188} INFO - [2024-05-01T18:18:59.030+0000] {dag.py:3834} INFO - Setting next_dagrun for daily_nft_etl to 2024-05-01 00:00:00+00:00, run_after=2024-05-02 00:00:00+00:00
[2024-05-01T18:18:59.077+0000] {processor.py:183} INFO - Processing /opt/airflow/dags/daily_nft_etl.py took 0.988 seconds
[2024-05-01T18:19:30.121+0000] {processor.py:161} INFO - Started process (PID=13058) to work on /opt/airflow/dags/daily_nft_etl.py
[2024-05-01T18:19:30.148+0000] {processor.py:830} INFO - Processing file /opt/airflow/dags/daily_nft_etl.py for tasks to queue
[2024-05-01T18:19:30.160+0000] {logging_mixin.py:188} INFO - [2024-05-01T18:19:30.159+0000] {dagbag.py:540} INFO - Filling up the DagBag from /opt/airflow/dags/daily_nft_etl.py
[2024-05-01T18:19:31.906+0000] {processor.py:840} INFO - DAG(s) 'daily_nft_etl' retrieved from /opt/airflow/dags/daily_nft_etl.py
[2024-05-01T18:19:31.968+0000] {logging_mixin.py:188} INFO - [2024-05-01T18:19:31.967+0000] {dag.py:3047} INFO - Sync 1 DAGs
[2024-05-01T18:19:32.002+0000] {logging_mixin.py:188} INFO - [2024-05-01T18:19:32.001+0000] {dag.py:3834} INFO - Setting next_dagrun for daily_nft_etl to 2024-05-01 00:00:00+00:00, run_after=2024-05-02 00:00:00+00:00
[2024-05-01T18:19:32.032+0000] {processor.py:183} INFO - Processing /opt/airflow/dags/daily_nft_etl.py took 2.230 seconds
[2024-05-01T18:20:02.418+0000] {processor.py:161} INFO - Started process (PID=13084) to work on /opt/airflow/dags/daily_nft_etl.py
[2024-05-01T18:20:02.436+0000] {processor.py:830} INFO - Processing file /opt/airflow/dags/daily_nft_etl.py for tasks to queue
[2024-05-01T18:20:02.460+0000] {logging_mixin.py:188} INFO - [2024-05-01T18:20:02.458+0000] {dagbag.py:540} INFO - Filling up the DagBag from /opt/airflow/dags/daily_nft_etl.py
[2024-05-01T18:20:03.444+0000] {processor.py:840} INFO - DAG(s) 'daily_nft_etl' retrieved from /opt/airflow/dags/daily_nft_etl.py
[2024-05-01T18:20:03.508+0000] {logging_mixin.py:188} INFO - [2024-05-01T18:20:03.507+0000] {dag.py:3047} INFO - Sync 1 DAGs
[2024-05-01T18:20:03.555+0000] {logging_mixin.py:188} INFO - [2024-05-01T18:20:03.553+0000] {dag.py:3834} INFO - Setting next_dagrun for daily_nft_etl to 2024-05-01 00:00:00+00:00, run_after=2024-05-02 00:00:00+00:00
[2024-05-01T18:20:03.597+0000] {processor.py:183} INFO - Processing /opt/airflow/dags/daily_nft_etl.py took 1.225 seconds
[2024-05-01T18:20:34.211+0000] {processor.py:161} INFO - Started process (PID=13110) to work on /opt/airflow/dags/daily_nft_etl.py
[2024-05-01T18:20:34.224+0000] {processor.py:830} INFO - Processing file /opt/airflow/dags/daily_nft_etl.py for tasks to queue
[2024-05-01T18:20:34.238+0000] {logging_mixin.py:188} INFO - [2024-05-01T18:20:34.237+0000] {dagbag.py:540} INFO - Filling up the DagBag from /opt/airflow/dags/daily_nft_etl.py
[2024-05-01T18:20:35.915+0000] {processor.py:840} INFO - DAG(s) 'daily_nft_etl' retrieved from /opt/airflow/dags/daily_nft_etl.py
[2024-05-01T18:20:36.547+0000] {logging_mixin.py:188} INFO - [2024-05-01T18:20:36.543+0000] {dag.py:3047} INFO - Sync 1 DAGs
[2024-05-01T18:20:36.704+0000] {logging_mixin.py:188} INFO - [2024-05-01T18:20:36.703+0000] {dag.py:3834} INFO - Setting next_dagrun for daily_nft_etl to 2024-05-01 00:00:00+00:00, run_after=2024-05-02 00:00:00+00:00
[2024-05-01T18:20:36.771+0000] {processor.py:183} INFO - Processing /opt/airflow/dags/daily_nft_etl.py took 2.579 seconds
[2024-05-01T18:21:07.126+0000] {processor.py:161} INFO - Started process (PID=13136) to work on /opt/airflow/dags/daily_nft_etl.py
[2024-05-01T18:21:07.131+0000] {processor.py:830} INFO - Processing file /opt/airflow/dags/daily_nft_etl.py for tasks to queue
[2024-05-01T18:21:07.135+0000] {logging_mixin.py:188} INFO - [2024-05-01T18:21:07.134+0000] {dagbag.py:540} INFO - Filling up the DagBag from /opt/airflow/dags/daily_nft_etl.py
[2024-05-01T18:21:07.978+0000] {processor.py:840} INFO - DAG(s) 'daily_nft_etl' retrieved from /opt/airflow/dags/daily_nft_etl.py
[2024-05-01T18:21:08.022+0000] {logging_mixin.py:188} INFO - [2024-05-01T18:21:08.021+0000] {dag.py:3047} INFO - Sync 1 DAGs
[2024-05-01T18:21:08.055+0000] {logging_mixin.py:188} INFO - [2024-05-01T18:21:08.055+0000] {dag.py:3834} INFO - Setting next_dagrun for daily_nft_etl to 2024-05-01 00:00:00+00:00, run_after=2024-05-02 00:00:00+00:00
[2024-05-01T18:21:08.100+0000] {processor.py:183} INFO - Processing /opt/airflow/dags/daily_nft_etl.py took 0.987 seconds
[2024-05-01T18:21:38.585+0000] {processor.py:161} INFO - Started process (PID=13162) to work on /opt/airflow/dags/daily_nft_etl.py
[2024-05-01T18:21:38.591+0000] {processor.py:830} INFO - Processing file /opt/airflow/dags/daily_nft_etl.py for tasks to queue
[2024-05-01T18:21:38.597+0000] {logging_mixin.py:188} INFO - [2024-05-01T18:21:38.596+0000] {dagbag.py:540} INFO - Filling up the DagBag from /opt/airflow/dags/daily_nft_etl.py
[2024-05-01T18:21:39.421+0000] {processor.py:840} INFO - DAG(s) 'daily_nft_etl' retrieved from /opt/airflow/dags/daily_nft_etl.py
[2024-05-01T18:21:39.467+0000] {logging_mixin.py:188} INFO - [2024-05-01T18:21:39.466+0000] {dag.py:3047} INFO - Sync 1 DAGs
[2024-05-01T18:21:39.501+0000] {logging_mixin.py:188} INFO - [2024-05-01T18:21:39.501+0000] {dag.py:3834} INFO - Setting next_dagrun for daily_nft_etl to 2024-05-01 00:00:00+00:00, run_after=2024-05-02 00:00:00+00:00
[2024-05-01T18:21:39.537+0000] {processor.py:183} INFO - Processing /opt/airflow/dags/daily_nft_etl.py took 0.972 seconds
[2024-05-01T18:22:10.105+0000] {processor.py:161} INFO - Started process (PID=13188) to work on /opt/airflow/dags/daily_nft_etl.py
[2024-05-01T18:22:10.115+0000] {processor.py:830} INFO - Processing file /opt/airflow/dags/daily_nft_etl.py for tasks to queue
[2024-05-01T18:22:10.120+0000] {logging_mixin.py:188} INFO - [2024-05-01T18:22:10.119+0000] {dagbag.py:540} INFO - Filling up the DagBag from /opt/airflow/dags/daily_nft_etl.py
[2024-05-01T18:22:10.909+0000] {processor.py:840} INFO - DAG(s) 'daily_nft_etl' retrieved from /opt/airflow/dags/daily_nft_etl.py
[2024-05-01T18:22:10.946+0000] {logging_mixin.py:188} INFO - [2024-05-01T18:22:10.945+0000] {dag.py:3047} INFO - Sync 1 DAGs
[2024-05-01T18:22:10.975+0000] {logging_mixin.py:188} INFO - [2024-05-01T18:22:10.974+0000] {dag.py:3834} INFO - Setting next_dagrun for daily_nft_etl to 2024-05-01 00:00:00+00:00, run_after=2024-05-02 00:00:00+00:00
[2024-05-01T18:22:11.000+0000] {processor.py:183} INFO - Processing /opt/airflow/dags/daily_nft_etl.py took 0.916 seconds
[2024-05-01T18:22:41.450+0000] {processor.py:161} INFO - Started process (PID=13214) to work on /opt/airflow/dags/daily_nft_etl.py
[2024-05-01T18:22:41.462+0000] {processor.py:830} INFO - Processing file /opt/airflow/dags/daily_nft_etl.py for tasks to queue
[2024-05-01T18:22:41.467+0000] {logging_mixin.py:188} INFO - [2024-05-01T18:22:41.466+0000] {dagbag.py:540} INFO - Filling up the DagBag from /opt/airflow/dags/daily_nft_etl.py
[2024-05-01T18:22:42.586+0000] {processor.py:840} INFO - DAG(s) 'daily_nft_etl' retrieved from /opt/airflow/dags/daily_nft_etl.py
[2024-05-01T18:22:42.659+0000] {logging_mixin.py:188} INFO - [2024-05-01T18:22:42.658+0000] {dag.py:3047} INFO - Sync 1 DAGs
[2024-05-01T18:22:42.701+0000] {logging_mixin.py:188} INFO - [2024-05-01T18:22:42.701+0000] {dag.py:3834} INFO - Setting next_dagrun for daily_nft_etl to 2024-05-01 00:00:00+00:00, run_after=2024-05-02 00:00:00+00:00
[2024-05-01T18:22:42.748+0000] {processor.py:183} INFO - Processing /opt/airflow/dags/daily_nft_etl.py took 1.317 seconds
[2024-05-01T18:23:13.374+0000] {processor.py:161} INFO - Started process (PID=13240) to work on /opt/airflow/dags/daily_nft_etl.py
[2024-05-01T18:23:13.378+0000] {processor.py:830} INFO - Processing file /opt/airflow/dags/daily_nft_etl.py for tasks to queue
[2024-05-01T18:23:13.381+0000] {logging_mixin.py:188} INFO - [2024-05-01T18:23:13.380+0000] {dagbag.py:540} INFO - Filling up the DagBag from /opt/airflow/dags/daily_nft_etl.py
[2024-05-01T18:23:13.881+0000] {processor.py:840} INFO - DAG(s) 'daily_nft_etl' retrieved from /opt/airflow/dags/daily_nft_etl.py
[2024-05-01T18:23:13.911+0000] {logging_mixin.py:188} INFO - [2024-05-01T18:23:13.911+0000] {dag.py:3047} INFO - Sync 1 DAGs
[2024-05-01T18:23:13.931+0000] {logging_mixin.py:188} INFO - [2024-05-01T18:23:13.931+0000] {dag.py:3834} INFO - Setting next_dagrun for daily_nft_etl to 2024-05-01 00:00:00+00:00, run_after=2024-05-02 00:00:00+00:00
[2024-05-01T18:23:13.944+0000] {processor.py:183} INFO - Processing /opt/airflow/dags/daily_nft_etl.py took 0.582 seconds
[2024-05-01T18:23:44.423+0000] {processor.py:161} INFO - Started process (PID=13266) to work on /opt/airflow/dags/daily_nft_etl.py
[2024-05-01T18:23:44.426+0000] {processor.py:830} INFO - Processing file /opt/airflow/dags/daily_nft_etl.py for tasks to queue
[2024-05-01T18:23:44.431+0000] {logging_mixin.py:188} INFO - [2024-05-01T18:23:44.430+0000] {dagbag.py:540} INFO - Filling up the DagBag from /opt/airflow/dags/daily_nft_etl.py
[2024-05-01T18:23:44.904+0000] {processor.py:840} INFO - DAG(s) 'daily_nft_etl' retrieved from /opt/airflow/dags/daily_nft_etl.py
[2024-05-01T18:23:44.931+0000] {logging_mixin.py:188} INFO - [2024-05-01T18:23:44.931+0000] {dag.py:3047} INFO - Sync 1 DAGs
[2024-05-01T18:23:44.945+0000] {logging_mixin.py:188} INFO - [2024-05-01T18:23:44.945+0000] {dag.py:3834} INFO - Setting next_dagrun for daily_nft_etl to 2024-05-01 00:00:00+00:00, run_after=2024-05-02 00:00:00+00:00
[2024-05-01T18:23:44.959+0000] {processor.py:183} INFO - Processing /opt/airflow/dags/daily_nft_etl.py took 0.545 seconds
[2024-05-01T18:24:15.496+0000] {processor.py:161} INFO - Started process (PID=13292) to work on /opt/airflow/dags/daily_nft_etl.py
[2024-05-01T18:24:15.501+0000] {processor.py:830} INFO - Processing file /opt/airflow/dags/daily_nft_etl.py for tasks to queue
[2024-05-01T18:24:15.503+0000] {logging_mixin.py:188} INFO - [2024-05-01T18:24:15.503+0000] {dagbag.py:540} INFO - Filling up the DagBag from /opt/airflow/dags/daily_nft_etl.py
[2024-05-01T18:24:16.004+0000] {processor.py:840} INFO - DAG(s) 'daily_nft_etl' retrieved from /opt/airflow/dags/daily_nft_etl.py
[2024-05-01T18:24:16.032+0000] {logging_mixin.py:188} INFO - [2024-05-01T18:24:16.032+0000] {dag.py:3047} INFO - Sync 1 DAGs
[2024-05-01T18:24:16.050+0000] {logging_mixin.py:188} INFO - [2024-05-01T18:24:16.050+0000] {dag.py:3834} INFO - Setting next_dagrun for daily_nft_etl to 2024-05-01 00:00:00+00:00, run_after=2024-05-02 00:00:00+00:00
[2024-05-01T18:24:16.063+0000] {processor.py:183} INFO - Processing /opt/airflow/dags/daily_nft_etl.py took 0.578 seconds
[2024-05-01T18:24:46.554+0000] {processor.py:161} INFO - Started process (PID=13318) to work on /opt/airflow/dags/daily_nft_etl.py
[2024-05-01T18:24:46.559+0000] {processor.py:830} INFO - Processing file /opt/airflow/dags/daily_nft_etl.py for tasks to queue
[2024-05-01T18:24:46.562+0000] {logging_mixin.py:188} INFO - [2024-05-01T18:24:46.562+0000] {dagbag.py:540} INFO - Filling up the DagBag from /opt/airflow/dags/daily_nft_etl.py
[2024-05-01T18:24:47.049+0000] {processor.py:840} INFO - DAG(s) 'daily_nft_etl' retrieved from /opt/airflow/dags/daily_nft_etl.py
[2024-05-01T18:24:47.077+0000] {logging_mixin.py:188} INFO - [2024-05-01T18:24:47.077+0000] {dag.py:3047} INFO - Sync 1 DAGs
[2024-05-01T18:24:47.093+0000] {logging_mixin.py:188} INFO - [2024-05-01T18:24:47.093+0000] {dag.py:3834} INFO - Setting next_dagrun for daily_nft_etl to 2024-05-01 00:00:00+00:00, run_after=2024-05-02 00:00:00+00:00
[2024-05-01T18:24:47.118+0000] {processor.py:183} INFO - Processing /opt/airflow/dags/daily_nft_etl.py took 0.577 seconds
[2024-05-01T18:25:17.655+0000] {processor.py:161} INFO - Started process (PID=13344) to work on /opt/airflow/dags/daily_nft_etl.py
[2024-05-01T18:25:17.662+0000] {processor.py:830} INFO - Processing file /opt/airflow/dags/daily_nft_etl.py for tasks to queue
[2024-05-01T18:25:17.665+0000] {logging_mixin.py:188} INFO - [2024-05-01T18:25:17.665+0000] {dagbag.py:540} INFO - Filling up the DagBag from /opt/airflow/dags/daily_nft_etl.py
[2024-05-01T18:25:18.138+0000] {processor.py:840} INFO - DAG(s) 'daily_nft_etl' retrieved from /opt/airflow/dags/daily_nft_etl.py
[2024-05-01T18:25:18.166+0000] {logging_mixin.py:188} INFO - [2024-05-01T18:25:18.166+0000] {dag.py:3047} INFO - Sync 1 DAGs
[2024-05-01T18:25:18.184+0000] {logging_mixin.py:188} INFO - [2024-05-01T18:25:18.184+0000] {dag.py:3834} INFO - Setting next_dagrun for daily_nft_etl to 2024-05-01 00:00:00+00:00, run_after=2024-05-02 00:00:00+00:00
[2024-05-01T18:25:18.197+0000] {processor.py:183} INFO - Processing /opt/airflow/dags/daily_nft_etl.py took 0.553 seconds
[2024-05-01T18:25:48.739+0000] {processor.py:161} INFO - Started process (PID=13370) to work on /opt/airflow/dags/daily_nft_etl.py
[2024-05-01T18:25:48.750+0000] {processor.py:830} INFO - Processing file /opt/airflow/dags/daily_nft_etl.py for tasks to queue
[2024-05-01T18:25:48.758+0000] {logging_mixin.py:188} INFO - [2024-05-01T18:25:48.755+0000] {dagbag.py:540} INFO - Filling up the DagBag from /opt/airflow/dags/daily_nft_etl.py
[2024-05-01T18:25:49.269+0000] {processor.py:840} INFO - DAG(s) 'daily_nft_etl' retrieved from /opt/airflow/dags/daily_nft_etl.py
[2024-05-01T18:25:49.297+0000] {logging_mixin.py:188} INFO - [2024-05-01T18:25:49.297+0000] {dag.py:3047} INFO - Sync 1 DAGs
[2024-05-01T18:25:49.312+0000] {logging_mixin.py:188} INFO - [2024-05-01T18:25:49.312+0000] {dag.py:3834} INFO - Setting next_dagrun for daily_nft_etl to 2024-05-01 00:00:00+00:00, run_after=2024-05-02 00:00:00+00:00
[2024-05-01T18:25:49.338+0000] {processor.py:183} INFO - Processing /opt/airflow/dags/daily_nft_etl.py took 0.617 seconds
[2024-05-01T18:26:20.015+0000] {processor.py:161} INFO - Started process (PID=13396) to work on /opt/airflow/dags/daily_nft_etl.py
[2024-05-01T18:26:20.018+0000] {processor.py:830} INFO - Processing file /opt/airflow/dags/daily_nft_etl.py for tasks to queue
[2024-05-01T18:26:20.023+0000] {logging_mixin.py:188} INFO - [2024-05-01T18:26:20.019+0000] {dagbag.py:540} INFO - Filling up the DagBag from /opt/airflow/dags/daily_nft_etl.py
[2024-05-01T18:26:20.491+0000] {processor.py:840} INFO - DAG(s) 'daily_nft_etl' retrieved from /opt/airflow/dags/daily_nft_etl.py
[2024-05-01T18:26:20.517+0000] {logging_mixin.py:188} INFO - [2024-05-01T18:26:20.517+0000] {dag.py:3047} INFO - Sync 1 DAGs
[2024-05-01T18:26:20.531+0000] {logging_mixin.py:188} INFO - [2024-05-01T18:26:20.531+0000] {dag.py:3834} INFO - Setting next_dagrun for daily_nft_etl to 2024-05-01 00:00:00+00:00, run_after=2024-05-02 00:00:00+00:00
[2024-05-01T18:26:20.546+0000] {processor.py:183} INFO - Processing /opt/airflow/dags/daily_nft_etl.py took 0.545 seconds
[2024-05-01T18:26:51.190+0000] {processor.py:161} INFO - Started process (PID=13422) to work on /opt/airflow/dags/daily_nft_etl.py
[2024-05-01T18:26:51.194+0000] {processor.py:830} INFO - Processing file /opt/airflow/dags/daily_nft_etl.py for tasks to queue
[2024-05-01T18:26:51.197+0000] {logging_mixin.py:188} INFO - [2024-05-01T18:26:51.196+0000] {dagbag.py:540} INFO - Filling up the DagBag from /opt/airflow/dags/daily_nft_etl.py
[2024-05-01T18:26:51.689+0000] {processor.py:840} INFO - DAG(s) 'daily_nft_etl' retrieved from /opt/airflow/dags/daily_nft_etl.py
[2024-05-01T18:26:51.714+0000] {logging_mixin.py:188} INFO - [2024-05-01T18:26:51.714+0000] {dag.py:3047} INFO - Sync 1 DAGs
[2024-05-01T18:26:51.732+0000] {logging_mixin.py:188} INFO - [2024-05-01T18:26:51.732+0000] {dag.py:3834} INFO - Setting next_dagrun for daily_nft_etl to 2024-05-01 00:00:00+00:00, run_after=2024-05-02 00:00:00+00:00
[2024-05-01T18:26:51.752+0000] {processor.py:183} INFO - Processing /opt/airflow/dags/daily_nft_etl.py took 0.578 seconds
[2024-05-01T18:27:22.456+0000] {processor.py:161} INFO - Started process (PID=13448) to work on /opt/airflow/dags/daily_nft_etl.py
[2024-05-01T18:27:22.459+0000] {processor.py:830} INFO - Processing file /opt/airflow/dags/daily_nft_etl.py for tasks to queue
[2024-05-01T18:27:22.463+0000] {logging_mixin.py:188} INFO - [2024-05-01T18:27:22.463+0000] {dagbag.py:540} INFO - Filling up the DagBag from /opt/airflow/dags/daily_nft_etl.py
[2024-05-01T18:27:22.982+0000] {processor.py:840} INFO - DAG(s) 'daily_nft_etl' retrieved from /opt/airflow/dags/daily_nft_etl.py
[2024-05-01T18:27:23.010+0000] {logging_mixin.py:188} INFO - [2024-05-01T18:27:23.010+0000] {dag.py:3047} INFO - Sync 1 DAGs
[2024-05-01T18:27:23.027+0000] {logging_mixin.py:188} INFO - [2024-05-01T18:27:23.027+0000] {dag.py:3834} INFO - Setting next_dagrun for daily_nft_etl to 2024-05-01 00:00:00+00:00, run_after=2024-05-02 00:00:00+00:00
[2024-05-01T18:27:23.040+0000] {processor.py:183} INFO - Processing /opt/airflow/dags/daily_nft_etl.py took 0.597 seconds
[2024-05-01T18:27:53.554+0000] {processor.py:161} INFO - Started process (PID=13474) to work on /opt/airflow/dags/daily_nft_etl.py
[2024-05-01T18:27:53.557+0000] {processor.py:830} INFO - Processing file /opt/airflow/dags/daily_nft_etl.py for tasks to queue
[2024-05-01T18:27:53.560+0000] {logging_mixin.py:188} INFO - [2024-05-01T18:27:53.559+0000] {dagbag.py:540} INFO - Filling up the DagBag from /opt/airflow/dags/daily_nft_etl.py
[2024-05-01T18:27:54.018+0000] {processor.py:840} INFO - DAG(s) 'daily_nft_etl' retrieved from /opt/airflow/dags/daily_nft_etl.py
[2024-05-01T18:27:54.050+0000] {logging_mixin.py:188} INFO - [2024-05-01T18:27:54.050+0000] {dag.py:3047} INFO - Sync 1 DAGs
[2024-05-01T18:27:54.064+0000] {logging_mixin.py:188} INFO - [2024-05-01T18:27:54.064+0000] {dag.py:3834} INFO - Setting next_dagrun for daily_nft_etl to 2024-05-01 00:00:00+00:00, run_after=2024-05-02 00:00:00+00:00
[2024-05-01T18:27:54.081+0000] {processor.py:183} INFO - Processing /opt/airflow/dags/daily_nft_etl.py took 0.536 seconds
[2024-05-01T18:28:24.664+0000] {processor.py:161} INFO - Started process (PID=13500) to work on /opt/airflow/dags/daily_nft_etl.py
[2024-05-01T18:28:24.672+0000] {processor.py:830} INFO - Processing file /opt/airflow/dags/daily_nft_etl.py for tasks to queue
[2024-05-01T18:28:24.677+0000] {logging_mixin.py:188} INFO - [2024-05-01T18:28:24.674+0000] {dagbag.py:540} INFO - Filling up the DagBag from /opt/airflow/dags/daily_nft_etl.py
[2024-05-01T18:28:25.157+0000] {processor.py:840} INFO - DAG(s) 'daily_nft_etl' retrieved from /opt/airflow/dags/daily_nft_etl.py
[2024-05-01T18:28:25.179+0000] {logging_mixin.py:188} INFO - [2024-05-01T18:28:25.179+0000] {dag.py:3047} INFO - Sync 1 DAGs
[2024-05-01T18:28:25.199+0000] {logging_mixin.py:188} INFO - [2024-05-01T18:28:25.199+0000] {dag.py:3834} INFO - Setting next_dagrun for daily_nft_etl to 2024-05-01 00:00:00+00:00, run_after=2024-05-02 00:00:00+00:00
[2024-05-01T18:28:25.211+0000] {processor.py:183} INFO - Processing /opt/airflow/dags/daily_nft_etl.py took 0.569 seconds
[2024-05-01T18:28:55.851+0000] {processor.py:161} INFO - Started process (PID=13526) to work on /opt/airflow/dags/daily_nft_etl.py
[2024-05-01T18:28:55.854+0000] {processor.py:830} INFO - Processing file /opt/airflow/dags/daily_nft_etl.py for tasks to queue
[2024-05-01T18:28:55.856+0000] {logging_mixin.py:188} INFO - [2024-05-01T18:28:55.856+0000] {dagbag.py:540} INFO - Filling up the DagBag from /opt/airflow/dags/daily_nft_etl.py
[2024-05-01T18:28:56.346+0000] {processor.py:840} INFO - DAG(s) 'daily_nft_etl' retrieved from /opt/airflow/dags/daily_nft_etl.py
[2024-05-01T18:28:56.380+0000] {logging_mixin.py:188} INFO - [2024-05-01T18:28:56.380+0000] {dag.py:3047} INFO - Sync 1 DAGs
[2024-05-01T18:28:56.396+0000] {logging_mixin.py:188} INFO - [2024-05-01T18:28:56.395+0000] {dag.py:3834} INFO - Setting next_dagrun for daily_nft_etl to 2024-05-01 00:00:00+00:00, run_after=2024-05-02 00:00:00+00:00
[2024-05-01T18:28:56.411+0000] {processor.py:183} INFO - Processing /opt/airflow/dags/daily_nft_etl.py took 0.571 seconds
[2024-05-01T18:29:26.882+0000] {processor.py:161} INFO - Started process (PID=13552) to work on /opt/airflow/dags/daily_nft_etl.py
[2024-05-01T18:29:26.889+0000] {processor.py:830} INFO - Processing file /opt/airflow/dags/daily_nft_etl.py for tasks to queue
[2024-05-01T18:29:26.892+0000] {logging_mixin.py:188} INFO - [2024-05-01T18:29:26.891+0000] {dagbag.py:540} INFO - Filling up the DagBag from /opt/airflow/dags/daily_nft_etl.py
[2024-05-01T18:29:27.405+0000] {processor.py:840} INFO - DAG(s) 'daily_nft_etl' retrieved from /opt/airflow/dags/daily_nft_etl.py
[2024-05-01T18:29:27.430+0000] {logging_mixin.py:188} INFO - [2024-05-01T18:29:27.430+0000] {dag.py:3047} INFO - Sync 1 DAGs
[2024-05-01T18:29:27.449+0000] {logging_mixin.py:188} INFO - [2024-05-01T18:29:27.449+0000] {dag.py:3834} INFO - Setting next_dagrun for daily_nft_etl to 2024-05-01 00:00:00+00:00, run_after=2024-05-02 00:00:00+00:00
[2024-05-01T18:29:27.462+0000] {processor.py:183} INFO - Processing /opt/airflow/dags/daily_nft_etl.py took 0.591 seconds
[2024-05-01T18:29:58.012+0000] {processor.py:161} INFO - Started process (PID=13578) to work on /opt/airflow/dags/daily_nft_etl.py
[2024-05-01T18:29:58.015+0000] {processor.py:830} INFO - Processing file /opt/airflow/dags/daily_nft_etl.py for tasks to queue
[2024-05-01T18:29:58.017+0000] {logging_mixin.py:188} INFO - [2024-05-01T18:29:58.017+0000] {dagbag.py:540} INFO - Filling up the DagBag from /opt/airflow/dags/daily_nft_etl.py
[2024-05-01T18:29:58.478+0000] {processor.py:840} INFO - DAG(s) 'daily_nft_etl' retrieved from /opt/airflow/dags/daily_nft_etl.py
[2024-05-01T18:30:03.352+0000] {logging_mixin.py:188} INFO - [2024-05-01T18:30:03.350+0000] {dag.py:3047} INFO - Sync 1 DAGs
[2024-05-01T18:30:19.352+0000] {logging_mixin.py:188} INFO - [2024-05-01T18:30:19.351+0000] {dag.py:3834} INFO - Setting next_dagrun for daily_nft_etl to 2024-05-01 00:00:00+00:00, run_after=2024-05-02 00:00:00+00:00
[2024-05-01T18:30:19.385+0000] {processor.py:183} INFO - Processing /opt/airflow/dags/daily_nft_etl.py took 21.384 seconds
[2024-05-01T18:30:49.899+0000] {processor.py:161} INFO - Started process (PID=13604) to work on /opt/airflow/dags/daily_nft_etl.py
[2024-05-01T18:30:49.904+0000] {processor.py:830} INFO - Processing file /opt/airflow/dags/daily_nft_etl.py for tasks to queue
[2024-05-01T18:30:49.910+0000] {logging_mixin.py:188} INFO - [2024-05-01T18:30:49.910+0000] {dagbag.py:540} INFO - Filling up the DagBag from /opt/airflow/dags/daily_nft_etl.py
[2024-05-01T18:30:50.377+0000] {processor.py:840} INFO - DAG(s) 'daily_nft_etl' retrieved from /opt/airflow/dags/daily_nft_etl.py
[2024-05-01T18:30:50.405+0000] {logging_mixin.py:188} INFO - [2024-05-01T18:30:50.405+0000] {dag.py:3047} INFO - Sync 1 DAGs
[2024-05-01T18:30:50.422+0000] {logging_mixin.py:188} INFO - [2024-05-01T18:30:50.422+0000] {dag.py:3834} INFO - Setting next_dagrun for daily_nft_etl to 2024-05-01 00:00:00+00:00, run_after=2024-05-02 00:00:00+00:00
[2024-05-01T18:30:50.435+0000] {processor.py:183} INFO - Processing /opt/airflow/dags/daily_nft_etl.py took 0.548 seconds
[2024-05-01T18:31:20.906+0000] {processor.py:161} INFO - Started process (PID=13630) to work on /opt/airflow/dags/daily_nft_etl.py
[2024-05-01T18:31:20.910+0000] {processor.py:830} INFO - Processing file /opt/airflow/dags/daily_nft_etl.py for tasks to queue
[2024-05-01T18:31:20.913+0000] {logging_mixin.py:188} INFO - [2024-05-01T18:31:20.913+0000] {dagbag.py:540} INFO - Filling up the DagBag from /opt/airflow/dags/daily_nft_etl.py
[2024-05-01T18:31:21.390+0000] {processor.py:840} INFO - DAG(s) 'daily_nft_etl' retrieved from /opt/airflow/dags/daily_nft_etl.py
[2024-05-01T18:31:21.415+0000] {logging_mixin.py:188} INFO - [2024-05-01T18:31:21.415+0000] {dag.py:3047} INFO - Sync 1 DAGs
[2024-05-01T18:31:21.434+0000] {logging_mixin.py:188} INFO - [2024-05-01T18:31:21.434+0000] {dag.py:3834} INFO - Setting next_dagrun for daily_nft_etl to 2024-05-01 00:00:00+00:00, run_after=2024-05-02 00:00:00+00:00
[2024-05-01T18:31:21.446+0000] {processor.py:183} INFO - Processing /opt/airflow/dags/daily_nft_etl.py took 0.554 seconds
[2024-05-01T18:31:52.020+0000] {processor.py:161} INFO - Started process (PID=13656) to work on /opt/airflow/dags/daily_nft_etl.py
[2024-05-01T18:31:52.024+0000] {processor.py:830} INFO - Processing file /opt/airflow/dags/daily_nft_etl.py for tasks to queue
[2024-05-01T18:31:52.026+0000] {logging_mixin.py:188} INFO - [2024-05-01T18:31:52.026+0000] {dagbag.py:540} INFO - Filling up the DagBag from /opt/airflow/dags/daily_nft_etl.py
[2024-05-01T18:31:52.477+0000] {processor.py:840} INFO - DAG(s) 'daily_nft_etl' retrieved from /opt/airflow/dags/daily_nft_etl.py
[2024-05-01T18:31:52.504+0000] {logging_mixin.py:188} INFO - [2024-05-01T18:31:52.503+0000] {dag.py:3047} INFO - Sync 1 DAGs
[2024-05-01T18:31:52.518+0000] {logging_mixin.py:188} INFO - [2024-05-01T18:31:52.518+0000] {dag.py:3834} INFO - Setting next_dagrun for daily_nft_etl to 2024-05-01 00:00:00+00:00, run_after=2024-05-02 00:00:00+00:00
[2024-05-01T18:31:52.532+0000] {processor.py:183} INFO - Processing /opt/airflow/dags/daily_nft_etl.py took 0.528 seconds
[2024-05-01T18:32:23.113+0000] {processor.py:161} INFO - Started process (PID=13682) to work on /opt/airflow/dags/daily_nft_etl.py
[2024-05-01T18:32:23.115+0000] {processor.py:830} INFO - Processing file /opt/airflow/dags/daily_nft_etl.py for tasks to queue
[2024-05-01T18:32:23.117+0000] {logging_mixin.py:188} INFO - [2024-05-01T18:32:23.116+0000] {dagbag.py:540} INFO - Filling up the DagBag from /opt/airflow/dags/daily_nft_etl.py
[2024-05-01T18:32:23.604+0000] {processor.py:840} INFO - DAG(s) 'daily_nft_etl' retrieved from /opt/airflow/dags/daily_nft_etl.py
[2024-05-01T18:32:23.634+0000] {logging_mixin.py:188} INFO - [2024-05-01T18:32:23.633+0000] {dag.py:3047} INFO - Sync 1 DAGs
[2024-05-01T18:32:23.647+0000] {logging_mixin.py:188} INFO - [2024-05-01T18:32:23.647+0000] {dag.py:3834} INFO - Setting next_dagrun for daily_nft_etl to 2024-05-01 00:00:00+00:00, run_after=2024-05-02 00:00:00+00:00
[2024-05-01T18:32:23.658+0000] {processor.py:183} INFO - Processing /opt/airflow/dags/daily_nft_etl.py took 0.561 seconds
[2024-05-01T18:32:54.130+0000] {processor.py:161} INFO - Started process (PID=13708) to work on /opt/airflow/dags/daily_nft_etl.py
[2024-05-01T18:32:54.133+0000] {processor.py:830} INFO - Processing file /opt/airflow/dags/daily_nft_etl.py for tasks to queue
[2024-05-01T18:32:54.135+0000] {logging_mixin.py:188} INFO - [2024-05-01T18:32:54.135+0000] {dagbag.py:540} INFO - Filling up the DagBag from /opt/airflow/dags/daily_nft_etl.py
[2024-05-01T18:32:54.608+0000] {processor.py:840} INFO - DAG(s) 'daily_nft_etl' retrieved from /opt/airflow/dags/daily_nft_etl.py
[2024-05-01T18:32:54.629+0000] {logging_mixin.py:188} INFO - [2024-05-01T18:32:54.629+0000] {dag.py:3047} INFO - Sync 1 DAGs
[2024-05-01T18:32:54.648+0000] {logging_mixin.py:188} INFO - [2024-05-01T18:32:54.647+0000] {dag.py:3834} INFO - Setting next_dagrun for daily_nft_etl to 2024-05-01 00:00:00+00:00, run_after=2024-05-02 00:00:00+00:00
[2024-05-01T18:32:54.663+0000] {processor.py:183} INFO - Processing /opt/airflow/dags/daily_nft_etl.py took 0.552 seconds
[2024-05-01T18:33:25.189+0000] {processor.py:161} INFO - Started process (PID=13734) to work on /opt/airflow/dags/daily_nft_etl.py
[2024-05-01T18:33:25.192+0000] {processor.py:830} INFO - Processing file /opt/airflow/dags/daily_nft_etl.py for tasks to queue
[2024-05-01T18:33:25.194+0000] {logging_mixin.py:188} INFO - [2024-05-01T18:33:25.194+0000] {dagbag.py:540} INFO - Filling up the DagBag from /opt/airflow/dags/daily_nft_etl.py
[2024-05-01T18:33:25.771+0000] {processor.py:840} INFO - DAG(s) 'daily_nft_etl' retrieved from /opt/airflow/dags/daily_nft_etl.py
[2024-05-01T18:33:25.809+0000] {logging_mixin.py:188} INFO - [2024-05-01T18:33:25.808+0000] {dag.py:3047} INFO - Sync 1 DAGs
[2024-05-01T18:33:25.825+0000] {logging_mixin.py:188} INFO - [2024-05-01T18:33:25.825+0000] {dag.py:3834} INFO - Setting next_dagrun for daily_nft_etl to 2024-05-01 00:00:00+00:00, run_after=2024-05-02 00:00:00+00:00
[2024-05-01T18:33:25.840+0000] {processor.py:183} INFO - Processing /opt/airflow/dags/daily_nft_etl.py took 0.659 seconds
[2024-05-01T18:33:56.292+0000] {processor.py:161} INFO - Started process (PID=13760) to work on /opt/airflow/dags/daily_nft_etl.py
[2024-05-01T18:33:56.295+0000] {processor.py:830} INFO - Processing file /opt/airflow/dags/daily_nft_etl.py for tasks to queue
[2024-05-01T18:33:56.298+0000] {logging_mixin.py:188} INFO - [2024-05-01T18:33:56.297+0000] {dagbag.py:540} INFO - Filling up the DagBag from /opt/airflow/dags/daily_nft_etl.py
[2024-05-01T18:33:56.783+0000] {processor.py:840} INFO - DAG(s) 'daily_nft_etl' retrieved from /opt/airflow/dags/daily_nft_etl.py
[2024-05-01T18:33:56.808+0000] {logging_mixin.py:188} INFO - [2024-05-01T18:33:56.808+0000] {dag.py:3047} INFO - Sync 1 DAGs
[2024-05-01T18:33:56.822+0000] {logging_mixin.py:188} INFO - [2024-05-01T18:33:56.822+0000] {dag.py:3834} INFO - Setting next_dagrun for daily_nft_etl to 2024-05-01 00:00:00+00:00, run_after=2024-05-02 00:00:00+00:00
[2024-05-01T18:33:56.837+0000] {processor.py:183} INFO - Processing /opt/airflow/dags/daily_nft_etl.py took 0.555 seconds
[2024-05-01T18:34:26.967+0000] {processor.py:161} INFO - Started process (PID=13786) to work on /opt/airflow/dags/daily_nft_etl.py
[2024-05-01T18:34:26.970+0000] {processor.py:830} INFO - Processing file /opt/airflow/dags/daily_nft_etl.py for tasks to queue
[2024-05-01T18:34:26.975+0000] {logging_mixin.py:188} INFO - [2024-05-01T18:34:26.974+0000] {dagbag.py:540} INFO - Filling up the DagBag from /opt/airflow/dags/daily_nft_etl.py
[2024-05-01T18:34:27.429+0000] {processor.py:840} INFO - DAG(s) 'daily_nft_etl' retrieved from /opt/airflow/dags/daily_nft_etl.py
[2024-05-01T18:34:27.457+0000] {logging_mixin.py:188} INFO - [2024-05-01T18:34:27.456+0000] {dag.py:3047} INFO - Sync 1 DAGs
[2024-05-01T18:34:27.472+0000] {logging_mixin.py:188} INFO - [2024-05-01T18:34:27.471+0000] {dag.py:3834} INFO - Setting next_dagrun for daily_nft_etl to 2024-05-01 00:00:00+00:00, run_after=2024-05-02 00:00:00+00:00
[2024-05-01T18:34:27.485+0000] {processor.py:183} INFO - Processing /opt/airflow/dags/daily_nft_etl.py took 0.527 seconds
[2024-05-01T18:34:58.000+0000] {processor.py:161} INFO - Started process (PID=13812) to work on /opt/airflow/dags/daily_nft_etl.py
[2024-05-01T18:34:58.004+0000] {processor.py:830} INFO - Processing file /opt/airflow/dags/daily_nft_etl.py for tasks to queue
[2024-05-01T18:34:58.006+0000] {logging_mixin.py:188} INFO - [2024-05-01T18:34:58.005+0000] {dagbag.py:540} INFO - Filling up the DagBag from /opt/airflow/dags/daily_nft_etl.py
[2024-05-01T18:34:58.429+0000] {processor.py:840} INFO - DAG(s) 'daily_nft_etl' retrieved from /opt/airflow/dags/daily_nft_etl.py
[2024-05-01T18:34:58.454+0000] {logging_mixin.py:188} INFO - [2024-05-01T18:34:58.454+0000] {dag.py:3047} INFO - Sync 1 DAGs
[2024-05-01T18:34:58.470+0000] {logging_mixin.py:188} INFO - [2024-05-01T18:34:58.470+0000] {dag.py:3834} INFO - Setting next_dagrun for daily_nft_etl to 2024-05-01 00:00:00+00:00, run_after=2024-05-02 00:00:00+00:00
[2024-05-01T18:34:58.490+0000] {processor.py:183} INFO - Processing /opt/airflow/dags/daily_nft_etl.py took 0.500 seconds
[2024-05-01T18:35:28.997+0000] {processor.py:161} INFO - Started process (PID=13838) to work on /opt/airflow/dags/daily_nft_etl.py
[2024-05-01T18:35:29.000+0000] {processor.py:830} INFO - Processing file /opt/airflow/dags/daily_nft_etl.py for tasks to queue
[2024-05-01T18:35:29.006+0000] {logging_mixin.py:188} INFO - [2024-05-01T18:35:29.005+0000] {dagbag.py:540} INFO - Filling up the DagBag from /opt/airflow/dags/daily_nft_etl.py
[2024-05-01T18:35:29.454+0000] {processor.py:840} INFO - DAG(s) 'daily_nft_etl' retrieved from /opt/airflow/dags/daily_nft_etl.py
[2024-05-01T18:35:29.480+0000] {logging_mixin.py:188} INFO - [2024-05-01T18:35:29.480+0000] {dag.py:3047} INFO - Sync 1 DAGs
[2024-05-01T18:35:29.496+0000] {logging_mixin.py:188} INFO - [2024-05-01T18:35:29.496+0000] {dag.py:3834} INFO - Setting next_dagrun for daily_nft_etl to 2024-05-01 00:00:00+00:00, run_after=2024-05-02 00:00:00+00:00
[2024-05-01T18:35:29.511+0000] {processor.py:183} INFO - Processing /opt/airflow/dags/daily_nft_etl.py took 0.525 seconds
[2024-05-01T18:35:59.959+0000] {processor.py:161} INFO - Started process (PID=13864) to work on /opt/airflow/dags/daily_nft_etl.py
[2024-05-01T18:35:59.966+0000] {processor.py:830} INFO - Processing file /opt/airflow/dags/daily_nft_etl.py for tasks to queue
[2024-05-01T18:35:59.969+0000] {logging_mixin.py:188} INFO - [2024-05-01T18:35:59.968+0000] {dagbag.py:540} INFO - Filling up the DagBag from /opt/airflow/dags/daily_nft_etl.py
[2024-05-01T18:36:00.406+0000] {processor.py:840} INFO - DAG(s) 'daily_nft_etl' retrieved from /opt/airflow/dags/daily_nft_etl.py
[2024-05-01T18:36:00.429+0000] {logging_mixin.py:188} INFO - [2024-05-01T18:36:00.429+0000] {dag.py:3047} INFO - Sync 1 DAGs
[2024-05-01T18:36:00.443+0000] {logging_mixin.py:188} INFO - [2024-05-01T18:36:00.443+0000] {dag.py:3834} INFO - Setting next_dagrun for daily_nft_etl to 2024-05-01 00:00:00+00:00, run_after=2024-05-02 00:00:00+00:00
[2024-05-01T18:36:00.456+0000] {processor.py:183} INFO - Processing /opt/airflow/dags/daily_nft_etl.py took 0.506 seconds
[2024-05-01T18:36:30.928+0000] {processor.py:161} INFO - Started process (PID=13890) to work on /opt/airflow/dags/daily_nft_etl.py
[2024-05-01T18:36:30.931+0000] {processor.py:830} INFO - Processing file /opt/airflow/dags/daily_nft_etl.py for tasks to queue
[2024-05-01T18:36:30.933+0000] {logging_mixin.py:188} INFO - [2024-05-01T18:36:30.932+0000] {dagbag.py:540} INFO - Filling up the DagBag from /opt/airflow/dags/daily_nft_etl.py
[2024-05-01T18:36:31.471+0000] {processor.py:840} INFO - DAG(s) 'daily_nft_etl' retrieved from /opt/airflow/dags/daily_nft_etl.py
[2024-05-01T18:36:31.498+0000] {logging_mixin.py:188} INFO - [2024-05-01T18:36:31.497+0000] {dag.py:3047} INFO - Sync 1 DAGs
[2024-05-01T18:36:31.515+0000] {logging_mixin.py:188} INFO - [2024-05-01T18:36:31.515+0000] {dag.py:3834} INFO - Setting next_dagrun for daily_nft_etl to 2024-05-01 00:00:00+00:00, run_after=2024-05-02 00:00:00+00:00
[2024-05-01T18:36:31.528+0000] {processor.py:183} INFO - Processing /opt/airflow/dags/daily_nft_etl.py took 0.595 seconds
[2024-05-01T18:37:02.018+0000] {processor.py:161} INFO - Started process (PID=13916) to work on /opt/airflow/dags/daily_nft_etl.py
[2024-05-01T18:37:02.020+0000] {processor.py:830} INFO - Processing file /opt/airflow/dags/daily_nft_etl.py for tasks to queue
[2024-05-01T18:37:02.022+0000] {logging_mixin.py:188} INFO - [2024-05-01T18:37:02.022+0000] {dagbag.py:540} INFO - Filling up the DagBag from /opt/airflow/dags/daily_nft_etl.py
[2024-05-01T18:37:02.502+0000] {processor.py:840} INFO - DAG(s) 'daily_nft_etl' retrieved from /opt/airflow/dags/daily_nft_etl.py
[2024-05-01T18:37:02.526+0000] {logging_mixin.py:188} INFO - [2024-05-01T18:37:02.526+0000] {dag.py:3047} INFO - Sync 1 DAGs
[2024-05-01T18:37:02.540+0000] {logging_mixin.py:188} INFO - [2024-05-01T18:37:02.540+0000] {dag.py:3834} INFO - Setting next_dagrun for daily_nft_etl to 2024-05-01 00:00:00+00:00, run_after=2024-05-02 00:00:00+00:00
[2024-05-01T18:37:02.556+0000] {processor.py:183} INFO - Processing /opt/airflow/dags/daily_nft_etl.py took 0.550 seconds
[2024-05-01T18:37:33.179+0000] {processor.py:161} INFO - Started process (PID=13942) to work on /opt/airflow/dags/daily_nft_etl.py
[2024-05-01T18:37:33.183+0000] {processor.py:830} INFO - Processing file /opt/airflow/dags/daily_nft_etl.py for tasks to queue
[2024-05-01T18:37:33.185+0000] {logging_mixin.py:188} INFO - [2024-05-01T18:37:33.185+0000] {dagbag.py:540} INFO - Filling up the DagBag from /opt/airflow/dags/daily_nft_etl.py
[2024-05-01T18:37:33.626+0000] {processor.py:840} INFO - DAG(s) 'daily_nft_etl' retrieved from /opt/airflow/dags/daily_nft_etl.py
[2024-05-01T18:37:33.651+0000] {logging_mixin.py:188} INFO - [2024-05-01T18:37:33.651+0000] {dag.py:3047} INFO - Sync 1 DAGs
[2024-05-01T18:37:33.666+0000] {logging_mixin.py:188} INFO - [2024-05-01T18:37:33.666+0000] {dag.py:3834} INFO - Setting next_dagrun for daily_nft_etl to 2024-05-01 00:00:00+00:00, run_after=2024-05-02 00:00:00+00:00
[2024-05-01T18:37:33.678+0000] {processor.py:183} INFO - Processing /opt/airflow/dags/daily_nft_etl.py took 0.509 seconds
[2024-05-01T18:38:04.143+0000] {processor.py:161} INFO - Started process (PID=13968) to work on /opt/airflow/dags/daily_nft_etl.py
[2024-05-01T18:38:04.145+0000] {processor.py:830} INFO - Processing file /opt/airflow/dags/daily_nft_etl.py for tasks to queue
[2024-05-01T18:38:04.147+0000] {logging_mixin.py:188} INFO - [2024-05-01T18:38:04.147+0000] {dagbag.py:540} INFO - Filling up the DagBag from /opt/airflow/dags/daily_nft_etl.py
[2024-05-01T18:38:04.616+0000] {processor.py:840} INFO - DAG(s) 'daily_nft_etl' retrieved from /opt/airflow/dags/daily_nft_etl.py
[2024-05-01T18:38:04.645+0000] {logging_mixin.py:188} INFO - [2024-05-01T18:38:04.644+0000] {dag.py:3047} INFO - Sync 1 DAGs
[2024-05-01T18:38:04.660+0000] {logging_mixin.py:188} INFO - [2024-05-01T18:38:04.660+0000] {dag.py:3834} INFO - Setting next_dagrun for daily_nft_etl to 2024-05-01 00:00:00+00:00, run_after=2024-05-02 00:00:00+00:00
[2024-05-01T18:38:04.674+0000] {processor.py:183} INFO - Processing /opt/airflow/dags/daily_nft_etl.py took 0.541 seconds
[2024-05-01T18:38:35.150+0000] {processor.py:161} INFO - Started process (PID=13994) to work on /opt/airflow/dags/daily_nft_etl.py
[2024-05-01T18:38:35.155+0000] {processor.py:830} INFO - Processing file /opt/airflow/dags/daily_nft_etl.py for tasks to queue
[2024-05-01T18:38:35.158+0000] {logging_mixin.py:188} INFO - [2024-05-01T18:38:35.157+0000] {dagbag.py:540} INFO - Filling up the DagBag from /opt/airflow/dags/daily_nft_etl.py
[2024-05-01T18:38:35.693+0000] {processor.py:840} INFO - DAG(s) 'daily_nft_etl' retrieved from /opt/airflow/dags/daily_nft_etl.py
[2024-05-01T18:38:35.730+0000] {logging_mixin.py:188} INFO - [2024-05-01T18:38:35.730+0000] {dag.py:3047} INFO - Sync 1 DAGs
[2024-05-01T18:38:35.751+0000] {logging_mixin.py:188} INFO - [2024-05-01T18:38:35.751+0000] {dag.py:3834} INFO - Setting next_dagrun for daily_nft_etl to 2024-05-01 00:00:00+00:00, run_after=2024-05-02 00:00:00+00:00
[2024-05-01T18:38:35.766+0000] {processor.py:183} INFO - Processing /opt/airflow/dags/daily_nft_etl.py took 0.630 seconds
[2024-05-01T18:39:06.177+0000] {processor.py:161} INFO - Started process (PID=14020) to work on /opt/airflow/dags/daily_nft_etl.py
[2024-05-01T18:39:06.182+0000] {processor.py:830} INFO - Processing file /opt/airflow/dags/daily_nft_etl.py for tasks to queue
[2024-05-01T18:39:06.186+0000] {logging_mixin.py:188} INFO - [2024-05-01T18:39:06.186+0000] {dagbag.py:540} INFO - Filling up the DagBag from /opt/airflow/dags/daily_nft_etl.py
[2024-05-01T18:39:06.669+0000] {processor.py:840} INFO - DAG(s) 'daily_nft_etl' retrieved from /opt/airflow/dags/daily_nft_etl.py
[2024-05-01T18:39:06.698+0000] {logging_mixin.py:188} INFO - [2024-05-01T18:39:06.698+0000] {dag.py:3047} INFO - Sync 1 DAGs
[2024-05-01T18:39:06.713+0000] {logging_mixin.py:188} INFO - [2024-05-01T18:39:06.713+0000] {dag.py:3834} INFO - Setting next_dagrun for daily_nft_etl to 2024-05-01 00:00:00+00:00, run_after=2024-05-02 00:00:00+00:00
[2024-05-01T18:39:06.727+0000] {processor.py:183} INFO - Processing /opt/airflow/dags/daily_nft_etl.py took 0.563 seconds
[2024-05-01T18:39:37.261+0000] {processor.py:161} INFO - Started process (PID=14046) to work on /opt/airflow/dags/daily_nft_etl.py
[2024-05-01T18:39:37.266+0000] {processor.py:830} INFO - Processing file /opt/airflow/dags/daily_nft_etl.py for tasks to queue
[2024-05-01T18:39:37.268+0000] {logging_mixin.py:188} INFO - [2024-05-01T18:39:37.268+0000] {dagbag.py:540} INFO - Filling up the DagBag from /opt/airflow/dags/daily_nft_etl.py
[2024-05-01T18:39:37.734+0000] {processor.py:840} INFO - DAG(s) 'daily_nft_etl' retrieved from /opt/airflow/dags/daily_nft_etl.py
[2024-05-01T18:39:37.768+0000] {logging_mixin.py:188} INFO - [2024-05-01T18:39:37.768+0000] {dag.py:3047} INFO - Sync 1 DAGs
[2024-05-01T18:39:37.782+0000] {logging_mixin.py:188} INFO - [2024-05-01T18:39:37.782+0000] {dag.py:3834} INFO - Setting next_dagrun for daily_nft_etl to 2024-05-01 00:00:00+00:00, run_after=2024-05-02 00:00:00+00:00
[2024-05-01T18:39:37.798+0000] {processor.py:183} INFO - Processing /opt/airflow/dags/daily_nft_etl.py took 0.546 seconds
[2024-05-01T18:40:08.337+0000] {processor.py:161} INFO - Started process (PID=14072) to work on /opt/airflow/dags/daily_nft_etl.py
[2024-05-01T18:40:08.341+0000] {processor.py:830} INFO - Processing file /opt/airflow/dags/daily_nft_etl.py for tasks to queue
[2024-05-01T18:40:08.346+0000] {logging_mixin.py:188} INFO - [2024-05-01T18:40:08.346+0000] {dagbag.py:540} INFO - Filling up the DagBag from /opt/airflow/dags/daily_nft_etl.py
[2024-05-01T18:40:08.847+0000] {processor.py:840} INFO - DAG(s) 'daily_nft_etl' retrieved from /opt/airflow/dags/daily_nft_etl.py
[2024-05-01T18:40:08.867+0000] {logging_mixin.py:188} INFO - [2024-05-01T18:40:08.867+0000] {dag.py:3047} INFO - Sync 1 DAGs
[2024-05-01T18:40:08.884+0000] {logging_mixin.py:188} INFO - [2024-05-01T18:40:08.884+0000] {dag.py:3834} INFO - Setting next_dagrun for daily_nft_etl to 2024-05-01 00:00:00+00:00, run_after=2024-05-02 00:00:00+00:00
[2024-05-01T18:40:08.899+0000] {processor.py:183} INFO - Processing /opt/airflow/dags/daily_nft_etl.py took 0.571 seconds
[2024-05-01T18:40:39.366+0000] {processor.py:161} INFO - Started process (PID=14098) to work on /opt/airflow/dags/daily_nft_etl.py
[2024-05-01T18:40:39.369+0000] {processor.py:830} INFO - Processing file /opt/airflow/dags/daily_nft_etl.py for tasks to queue
[2024-05-01T18:40:39.372+0000] {logging_mixin.py:188} INFO - [2024-05-01T18:40:39.370+0000] {dagbag.py:540} INFO - Filling up the DagBag from /opt/airflow/dags/daily_nft_etl.py
[2024-05-01T18:40:39.793+0000] {processor.py:840} INFO - DAG(s) 'daily_nft_etl' retrieved from /opt/airflow/dags/daily_nft_etl.py
[2024-05-01T18:40:39.816+0000] {logging_mixin.py:188} INFO - [2024-05-01T18:40:39.816+0000] {dag.py:3047} INFO - Sync 1 DAGs
[2024-05-01T18:40:39.830+0000] {logging_mixin.py:188} INFO - [2024-05-01T18:40:39.830+0000] {dag.py:3834} INFO - Setting next_dagrun for daily_nft_etl to 2024-05-01 00:00:00+00:00, run_after=2024-05-02 00:00:00+00:00
[2024-05-01T18:40:39.843+0000] {processor.py:183} INFO - Processing /opt/airflow/dags/daily_nft_etl.py took 0.486 seconds
[2024-05-01T18:41:10.408+0000] {processor.py:161} INFO - Started process (PID=14124) to work on /opt/airflow/dags/daily_nft_etl.py
[2024-05-01T18:41:10.415+0000] {processor.py:830} INFO - Processing file /opt/airflow/dags/daily_nft_etl.py for tasks to queue
[2024-05-01T18:41:10.422+0000] {logging_mixin.py:188} INFO - [2024-05-01T18:41:10.421+0000] {dagbag.py:540} INFO - Filling up the DagBag from /opt/airflow/dags/daily_nft_etl.py
[2024-05-01T18:41:11.012+0000] {processor.py:840} INFO - DAG(s) 'daily_nft_etl' retrieved from /opt/airflow/dags/daily_nft_etl.py
[2024-05-01T18:41:11.052+0000] {logging_mixin.py:188} INFO - [2024-05-01T18:41:11.052+0000] {dag.py:3047} INFO - Sync 1 DAGs
[2024-05-01T18:41:11.070+0000] {logging_mixin.py:188} INFO - [2024-05-01T18:41:11.070+0000] {dag.py:3834} INFO - Setting next_dagrun for daily_nft_etl to 2024-05-01 00:00:00+00:00, run_after=2024-05-02 00:00:00+00:00
[2024-05-01T18:41:11.084+0000] {processor.py:183} INFO - Processing /opt/airflow/dags/daily_nft_etl.py took 0.698 seconds
[2024-05-01T18:41:41.722+0000] {processor.py:161} INFO - Started process (PID=14150) to work on /opt/airflow/dags/daily_nft_etl.py
[2024-05-01T18:41:41.731+0000] {processor.py:830} INFO - Processing file /opt/airflow/dags/daily_nft_etl.py for tasks to queue
[2024-05-01T18:41:41.739+0000] {logging_mixin.py:188} INFO - [2024-05-01T18:41:41.737+0000] {dagbag.py:540} INFO - Filling up the DagBag from /opt/airflow/dags/daily_nft_etl.py
[2024-05-01T18:41:42.675+0000] {processor.py:840} INFO - DAG(s) 'daily_nft_etl' retrieved from /opt/airflow/dags/daily_nft_etl.py
[2024-05-01T18:41:42.732+0000] {logging_mixin.py:188} INFO - [2024-05-01T18:41:42.731+0000] {dag.py:3047} INFO - Sync 1 DAGs
[2024-05-01T18:41:42.782+0000] {logging_mixin.py:188} INFO - [2024-05-01T18:41:42.781+0000] {dag.py:3834} INFO - Setting next_dagrun for daily_nft_etl to 2024-05-01 00:00:00+00:00, run_after=2024-05-02 00:00:00+00:00
[2024-05-01T18:41:42.849+0000] {processor.py:183} INFO - Processing /opt/airflow/dags/daily_nft_etl.py took 1.153 seconds
[2024-05-01T18:42:13.190+0000] {processor.py:161} INFO - Started process (PID=14176) to work on /opt/airflow/dags/daily_nft_etl.py
[2024-05-01T18:42:13.194+0000] {processor.py:830} INFO - Processing file /opt/airflow/dags/daily_nft_etl.py for tasks to queue
[2024-05-01T18:42:13.199+0000] {logging_mixin.py:188} INFO - [2024-05-01T18:42:13.197+0000] {dagbag.py:540} INFO - Filling up the DagBag from /opt/airflow/dags/daily_nft_etl.py
[2024-05-01T18:42:13.987+0000] {processor.py:840} INFO - DAG(s) 'daily_nft_etl' retrieved from /opt/airflow/dags/daily_nft_etl.py
[2024-05-01T18:42:14.038+0000] {logging_mixin.py:188} INFO - [2024-05-01T18:42:14.037+0000] {dag.py:3047} INFO - Sync 1 DAGs
[2024-05-01T18:42:14.126+0000] {logging_mixin.py:188} INFO - [2024-05-01T18:42:14.126+0000] {dag.py:3834} INFO - Setting next_dagrun for daily_nft_etl to 2024-05-01 00:00:00+00:00, run_after=2024-05-02 00:00:00+00:00
[2024-05-01T18:42:14.313+0000] {processor.py:183} INFO - Processing /opt/airflow/dags/daily_nft_etl.py took 1.137 seconds
[2024-05-01T18:42:44.825+0000] {processor.py:161} INFO - Started process (PID=14202) to work on /opt/airflow/dags/daily_nft_etl.py
[2024-05-01T18:42:44.840+0000] {processor.py:830} INFO - Processing file /opt/airflow/dags/daily_nft_etl.py for tasks to queue
[2024-05-01T18:42:44.846+0000] {logging_mixin.py:188} INFO - [2024-05-01T18:42:44.844+0000] {dagbag.py:540} INFO - Filling up the DagBag from /opt/airflow/dags/daily_nft_etl.py
[2024-05-01T18:42:45.980+0000] {processor.py:840} INFO - DAG(s) 'daily_nft_etl' retrieved from /opt/airflow/dags/daily_nft_etl.py
[2024-05-01T18:42:46.039+0000] {logging_mixin.py:188} INFO - [2024-05-01T18:42:46.038+0000] {dag.py:3047} INFO - Sync 1 DAGs
[2024-05-01T18:42:46.076+0000] {logging_mixin.py:188} INFO - [2024-05-01T18:42:46.076+0000] {dag.py:3834} INFO - Setting next_dagrun for daily_nft_etl to 2024-05-01 00:00:00+00:00, run_after=2024-05-02 00:00:00+00:00
[2024-05-01T18:42:46.108+0000] {processor.py:183} INFO - Processing /opt/airflow/dags/daily_nft_etl.py took 1.312 seconds
[2024-05-01T18:43:16.616+0000] {processor.py:161} INFO - Started process (PID=14228) to work on /opt/airflow/dags/daily_nft_etl.py
[2024-05-01T18:43:16.626+0000] {processor.py:830} INFO - Processing file /opt/airflow/dags/daily_nft_etl.py for tasks to queue
[2024-05-01T18:43:16.631+0000] {logging_mixin.py:188} INFO - [2024-05-01T18:43:16.630+0000] {dagbag.py:540} INFO - Filling up the DagBag from /opt/airflow/dags/daily_nft_etl.py
[2024-05-01T18:43:17.518+0000] {processor.py:840} INFO - DAG(s) 'daily_nft_etl' retrieved from /opt/airflow/dags/daily_nft_etl.py
[2024-05-01T18:43:17.566+0000] {logging_mixin.py:188} INFO - [2024-05-01T18:43:17.566+0000] {dag.py:3047} INFO - Sync 1 DAGs
[2024-05-01T18:43:17.587+0000] {logging_mixin.py:188} INFO - [2024-05-01T18:43:17.587+0000] {dag.py:3834} INFO - Setting next_dagrun for daily_nft_etl to 2024-05-01 00:00:00+00:00, run_after=2024-05-02 00:00:00+00:00
[2024-05-01T18:43:17.620+0000] {processor.py:183} INFO - Processing /opt/airflow/dags/daily_nft_etl.py took 1.011 seconds
[2024-05-01T18:43:48.221+0000] {processor.py:161} INFO - Started process (PID=14254) to work on /opt/airflow/dags/daily_nft_etl.py
[2024-05-01T18:43:48.225+0000] {processor.py:830} INFO - Processing file /opt/airflow/dags/daily_nft_etl.py for tasks to queue
[2024-05-01T18:43:48.227+0000] {logging_mixin.py:188} INFO - [2024-05-01T18:43:48.227+0000] {dagbag.py:540} INFO - Filling up the DagBag from /opt/airflow/dags/daily_nft_etl.py
[2024-05-01T18:43:48.757+0000] {processor.py:840} INFO - DAG(s) 'daily_nft_etl' retrieved from /opt/airflow/dags/daily_nft_etl.py
[2024-05-01T18:43:48.785+0000] {logging_mixin.py:188} INFO - [2024-05-01T18:43:48.785+0000] {dag.py:3047} INFO - Sync 1 DAGs
[2024-05-01T18:43:48.799+0000] {logging_mixin.py:188} INFO - [2024-05-01T18:43:48.799+0000] {dag.py:3834} INFO - Setting next_dagrun for daily_nft_etl to 2024-05-01 00:00:00+00:00, run_after=2024-05-02 00:00:00+00:00
[2024-05-01T18:43:48.813+0000] {processor.py:183} INFO - Processing /opt/airflow/dags/daily_nft_etl.py took 0.600 seconds
[2024-05-01T18:44:19.349+0000] {processor.py:161} INFO - Started process (PID=14280) to work on /opt/airflow/dags/daily_nft_etl.py
[2024-05-01T18:44:19.352+0000] {processor.py:830} INFO - Processing file /opt/airflow/dags/daily_nft_etl.py for tasks to queue
[2024-05-01T18:44:19.354+0000] {logging_mixin.py:188} INFO - [2024-05-01T18:44:19.353+0000] {dagbag.py:540} INFO - Filling up the DagBag from /opt/airflow/dags/daily_nft_etl.py
[2024-05-01T18:44:19.808+0000] {processor.py:840} INFO - DAG(s) 'daily_nft_etl' retrieved from /opt/airflow/dags/daily_nft_etl.py
[2024-05-01T18:44:19.838+0000] {logging_mixin.py:188} INFO - [2024-05-01T18:44:19.838+0000] {dag.py:3047} INFO - Sync 1 DAGs
[2024-05-01T18:44:19.853+0000] {logging_mixin.py:188} INFO - [2024-05-01T18:44:19.852+0000] {dag.py:3834} INFO - Setting next_dagrun for daily_nft_etl to 2024-05-01 00:00:00+00:00, run_after=2024-05-02 00:00:00+00:00
[2024-05-01T18:44:19.868+0000] {processor.py:183} INFO - Processing /opt/airflow/dags/daily_nft_etl.py took 0.525 seconds
[2024-05-01T18:44:50.328+0000] {processor.py:161} INFO - Started process (PID=14306) to work on /opt/airflow/dags/daily_nft_etl.py
[2024-05-01T18:44:50.331+0000] {processor.py:830} INFO - Processing file /opt/airflow/dags/daily_nft_etl.py for tasks to queue
[2024-05-01T18:44:50.333+0000] {logging_mixin.py:188} INFO - [2024-05-01T18:44:50.332+0000] {dagbag.py:540} INFO - Filling up the DagBag from /opt/airflow/dags/daily_nft_etl.py
[2024-05-01T18:44:50.799+0000] {processor.py:840} INFO - DAG(s) 'daily_nft_etl' retrieved from /opt/airflow/dags/daily_nft_etl.py
[2024-05-01T18:44:50.832+0000] {logging_mixin.py:188} INFO - [2024-05-01T18:44:50.831+0000] {dag.py:3047} INFO - Sync 1 DAGs
[2024-05-01T18:44:50.847+0000] {logging_mixin.py:188} INFO - [2024-05-01T18:44:50.846+0000] {dag.py:3834} INFO - Setting next_dagrun for daily_nft_etl to 2024-05-01 00:00:00+00:00, run_after=2024-05-02 00:00:00+00:00
[2024-05-01T18:44:50.863+0000] {processor.py:183} INFO - Processing /opt/airflow/dags/daily_nft_etl.py took 0.542 seconds
[2024-05-01T18:45:21.444+0000] {processor.py:161} INFO - Started process (PID=14332) to work on /opt/airflow/dags/daily_nft_etl.py
[2024-05-01T18:45:21.450+0000] {processor.py:830} INFO - Processing file /opt/airflow/dags/daily_nft_etl.py for tasks to queue
[2024-05-01T18:45:21.453+0000] {logging_mixin.py:188} INFO - [2024-05-01T18:45:21.452+0000] {dagbag.py:540} INFO - Filling up the DagBag from /opt/airflow/dags/daily_nft_etl.py
[2024-05-01T18:45:22.017+0000] {processor.py:840} INFO - DAG(s) 'daily_nft_etl' retrieved from /opt/airflow/dags/daily_nft_etl.py
[2024-05-01T18:45:22.056+0000] {logging_mixin.py:188} INFO - [2024-05-01T18:45:22.056+0000] {dag.py:3047} INFO - Sync 1 DAGs
[2024-05-01T18:45:22.072+0000] {logging_mixin.py:188} INFO - [2024-05-01T18:45:22.072+0000] {dag.py:3834} INFO - Setting next_dagrun for daily_nft_etl to 2024-05-01 00:00:00+00:00, run_after=2024-05-02 00:00:00+00:00
[2024-05-01T18:45:22.086+0000] {processor.py:183} INFO - Processing /opt/airflow/dags/daily_nft_etl.py took 0.652 seconds
[2024-05-01T18:45:52.706+0000] {processor.py:161} INFO - Started process (PID=14358) to work on /opt/airflow/dags/daily_nft_etl.py
[2024-05-01T18:45:52.708+0000] {processor.py:830} INFO - Processing file /opt/airflow/dags/daily_nft_etl.py for tasks to queue
[2024-05-01T18:45:52.710+0000] {logging_mixin.py:188} INFO - [2024-05-01T18:45:52.710+0000] {dagbag.py:540} INFO - Filling up the DagBag from /opt/airflow/dags/daily_nft_etl.py
[2024-05-01T18:45:53.174+0000] {processor.py:840} INFO - DAG(s) 'daily_nft_etl' retrieved from /opt/airflow/dags/daily_nft_etl.py
[2024-05-01T18:45:53.199+0000] {logging_mixin.py:188} INFO - [2024-05-01T18:45:53.199+0000] {dag.py:3047} INFO - Sync 1 DAGs
[2024-05-01T18:45:53.215+0000] {logging_mixin.py:188} INFO - [2024-05-01T18:45:53.215+0000] {dag.py:3834} INFO - Setting next_dagrun for daily_nft_etl to 2024-05-01 00:00:00+00:00, run_after=2024-05-02 00:00:00+00:00
[2024-05-01T18:45:53.233+0000] {processor.py:183} INFO - Processing /opt/airflow/dags/daily_nft_etl.py took 0.534 seconds
[2024-05-01T18:46:23.786+0000] {processor.py:161} INFO - Started process (PID=14384) to work on /opt/airflow/dags/daily_nft_etl.py
[2024-05-01T18:46:23.789+0000] {processor.py:830} INFO - Processing file /opt/airflow/dags/daily_nft_etl.py for tasks to queue
[2024-05-01T18:46:23.791+0000] {logging_mixin.py:188} INFO - [2024-05-01T18:46:23.790+0000] {dagbag.py:540} INFO - Filling up the DagBag from /opt/airflow/dags/daily_nft_etl.py
[2024-05-01T18:46:24.383+0000] {processor.py:840} INFO - DAG(s) 'daily_nft_etl' retrieved from /opt/airflow/dags/daily_nft_etl.py
[2024-05-01T18:46:24.419+0000] {logging_mixin.py:188} INFO - [2024-05-01T18:46:24.419+0000] {dag.py:3047} INFO - Sync 1 DAGs
[2024-05-01T18:46:24.450+0000] {logging_mixin.py:188} INFO - [2024-05-01T18:46:24.450+0000] {dag.py:3834} INFO - Setting next_dagrun for daily_nft_etl to 2024-05-01 00:00:00+00:00, run_after=2024-05-02 00:00:00+00:00
[2024-05-01T18:46:24.475+0000] {processor.py:183} INFO - Processing /opt/airflow/dags/daily_nft_etl.py took 0.695 seconds
