[2024-05-01T18:17:24.964+0000] {processor.py:161} INFO - Started process (PID=12957) to work on /opt/airflow/dags/nft_etl.py
[2024-05-01T18:17:24.969+0000] {processor.py:830} INFO - Processing file /opt/airflow/dags/nft_etl.py for tasks to queue
[2024-05-01T18:17:24.972+0000] {logging_mixin.py:188} INFO - [2024-05-01T18:17:24.971+0000] {dagbag.py:540} INFO - Filling up the DagBag from /opt/airflow/dags/nft_etl.py
[2024-05-01T18:17:25.461+0000] {processor.py:840} INFO - DAG(s) 'nft_etl' retrieved from /opt/airflow/dags/nft_etl.py
[2024-05-01T18:17:25.484+0000] {logging_mixin.py:188} INFO - [2024-05-01T18:17:25.484+0000] {dag.py:3047} INFO - Sync 1 DAGs
[2024-05-01T18:17:25.508+0000] {logging_mixin.py:188} INFO - [2024-05-01T18:17:25.508+0000] {dag.py:3834} INFO - Setting next_dagrun for nft_etl to 2024-05-01 17:30:00+00:00, run_after=2024-05-01 18:00:00+00:00
[2024-05-01T18:17:25.519+0000] {processor.py:183} INFO - Processing /opt/airflow/dags/nft_etl.py took 0.562 seconds
[2024-05-01T18:17:55.977+0000] {processor.py:161} INFO - Started process (PID=12983) to work on /opt/airflow/dags/nft_etl.py
[2024-05-01T18:17:55.980+0000] {processor.py:830} INFO - Processing file /opt/airflow/dags/nft_etl.py for tasks to queue
[2024-05-01T18:17:55.981+0000] {logging_mixin.py:188} INFO - [2024-05-01T18:17:55.981+0000] {dagbag.py:540} INFO - Filling up the DagBag from /opt/airflow/dags/nft_etl.py
[2024-05-01T18:17:56.468+0000] {processor.py:840} INFO - DAG(s) 'nft_etl' retrieved from /opt/airflow/dags/nft_etl.py
[2024-05-01T18:17:56.506+0000] {logging_mixin.py:188} INFO - [2024-05-01T18:17:56.505+0000] {dag.py:3047} INFO - Sync 1 DAGs
[2024-05-01T18:17:56.534+0000] {logging_mixin.py:188} INFO - [2024-05-01T18:17:56.534+0000] {dag.py:3834} INFO - Setting next_dagrun for nft_etl to 2024-05-01 17:30:00+00:00, run_after=2024-05-01 18:00:00+00:00
[2024-05-01T18:17:56.564+0000] {processor.py:183} INFO - Processing /opt/airflow/dags/nft_etl.py took 0.594 seconds
[2024-05-01T18:18:27.114+0000] {processor.py:161} INFO - Started process (PID=13009) to work on /opt/airflow/dags/nft_etl.py
[2024-05-01T18:18:27.116+0000] {processor.py:830} INFO - Processing file /opt/airflow/dags/nft_etl.py for tasks to queue
[2024-05-01T18:18:27.117+0000] {logging_mixin.py:188} INFO - [2024-05-01T18:18:27.117+0000] {dagbag.py:540} INFO - Filling up the DagBag from /opt/airflow/dags/nft_etl.py
[2024-05-01T18:18:27.597+0000] {processor.py:840} INFO - DAG(s) 'nft_etl' retrieved from /opt/airflow/dags/nft_etl.py
[2024-05-01T18:18:27.625+0000] {logging_mixin.py:188} INFO - [2024-05-01T18:18:27.625+0000] {dag.py:3047} INFO - Sync 1 DAGs
[2024-05-01T18:18:27.649+0000] {logging_mixin.py:188} INFO - [2024-05-01T18:18:27.648+0000] {dag.py:3834} INFO - Setting next_dagrun for nft_etl to 2024-05-01 17:30:00+00:00, run_after=2024-05-01 18:00:00+00:00
[2024-05-01T18:18:27.665+0000] {processor.py:183} INFO - Processing /opt/airflow/dags/nft_etl.py took 0.556 seconds
[2024-05-01T18:18:58.116+0000] {processor.py:161} INFO - Started process (PID=13035) to work on /opt/airflow/dags/nft_etl.py
[2024-05-01T18:18:58.121+0000] {processor.py:830} INFO - Processing file /opt/airflow/dags/nft_etl.py for tasks to queue
[2024-05-01T18:18:58.124+0000] {logging_mixin.py:188} INFO - [2024-05-01T18:18:58.123+0000] {dagbag.py:540} INFO - Filling up the DagBag from /opt/airflow/dags/nft_etl.py
[2024-05-01T18:18:58.949+0000] {processor.py:840} INFO - DAG(s) 'nft_etl' retrieved from /opt/airflow/dags/nft_etl.py
[2024-05-01T18:18:59.004+0000] {logging_mixin.py:188} INFO - [2024-05-01T18:18:59.003+0000] {dag.py:3047} INFO - Sync 1 DAGs
[2024-05-01T18:18:59.055+0000] {logging_mixin.py:188} INFO - [2024-05-01T18:18:59.055+0000] {dag.py:3834} INFO - Setting next_dagrun for nft_etl to 2024-05-01 17:30:00+00:00, run_after=2024-05-01 18:00:00+00:00
[2024-05-01T18:18:59.092+0000] {processor.py:183} INFO - Processing /opt/airflow/dags/nft_etl.py took 0.984 seconds
[2024-05-01T18:19:30.164+0000] {processor.py:161} INFO - Started process (PID=13061) to work on /opt/airflow/dags/nft_etl.py
[2024-05-01T18:19:30.177+0000] {processor.py:830} INFO - Processing file /opt/airflow/dags/nft_etl.py for tasks to queue
[2024-05-01T18:19:30.185+0000] {logging_mixin.py:188} INFO - [2024-05-01T18:19:30.184+0000] {dagbag.py:540} INFO - Filling up the DagBag from /opt/airflow/dags/nft_etl.py
[2024-05-01T18:19:31.908+0000] {processor.py:840} INFO - DAG(s) 'nft_etl' retrieved from /opt/airflow/dags/nft_etl.py
[2024-05-01T18:19:31.968+0000] {logging_mixin.py:188} INFO - [2024-05-01T18:19:31.967+0000] {dag.py:3047} INFO - Sync 1 DAGs
[2024-05-01T18:19:32.014+0000] {logging_mixin.py:188} INFO - [2024-05-01T18:19:32.013+0000] {dag.py:3834} INFO - Setting next_dagrun for nft_etl to 2024-05-01 17:30:00+00:00, run_after=2024-05-01 18:00:00+00:00
[2024-05-01T18:19:32.048+0000] {processor.py:183} INFO - Processing /opt/airflow/dags/nft_etl.py took 1.914 seconds
[2024-05-01T18:20:02.467+0000] {processor.py:161} INFO - Started process (PID=13087) to work on /opt/airflow/dags/nft_etl.py
[2024-05-01T18:20:02.474+0000] {processor.py:830} INFO - Processing file /opt/airflow/dags/nft_etl.py for tasks to queue
[2024-05-01T18:20:02.479+0000] {logging_mixin.py:188} INFO - [2024-05-01T18:20:02.478+0000] {dagbag.py:540} INFO - Filling up the DagBag from /opt/airflow/dags/nft_etl.py
[2024-05-01T18:20:03.433+0000] {processor.py:840} INFO - DAG(s) 'nft_etl' retrieved from /opt/airflow/dags/nft_etl.py
[2024-05-01T18:20:03.508+0000] {logging_mixin.py:188} INFO - [2024-05-01T18:20:03.507+0000] {dag.py:3047} INFO - Sync 1 DAGs
[2024-05-01T18:20:03.575+0000] {logging_mixin.py:188} INFO - [2024-05-01T18:20:03.575+0000] {dag.py:3834} INFO - Setting next_dagrun for nft_etl to 2024-05-01 17:30:00+00:00, run_after=2024-05-01 18:00:00+00:00
[2024-05-01T18:20:03.626+0000] {processor.py:183} INFO - Processing /opt/airflow/dags/nft_etl.py took 1.194 seconds
[2024-05-01T18:20:34.220+0000] {processor.py:161} INFO - Started process (PID=13113) to work on /opt/airflow/dags/nft_etl.py
[2024-05-01T18:20:34.238+0000] {processor.py:830} INFO - Processing file /opt/airflow/dags/nft_etl.py for tasks to queue
[2024-05-01T18:20:34.251+0000] {logging_mixin.py:188} INFO - [2024-05-01T18:20:34.250+0000] {dagbag.py:540} INFO - Filling up the DagBag from /opt/airflow/dags/nft_etl.py
[2024-05-01T18:20:36.326+0000] {processor.py:840} INFO - DAG(s) 'nft_etl' retrieved from /opt/airflow/dags/nft_etl.py
[2024-05-01T18:20:36.547+0000] {logging_mixin.py:188} INFO - [2024-05-01T18:20:36.543+0000] {dag.py:3047} INFO - Sync 1 DAGs
[2024-05-01T18:20:36.742+0000] {logging_mixin.py:188} INFO - [2024-05-01T18:20:36.741+0000] {dag.py:3834} INFO - Setting next_dagrun for nft_etl to 2024-05-01 17:30:00+00:00, run_after=2024-05-01 18:00:00+00:00
[2024-05-01T18:20:36.784+0000] {processor.py:183} INFO - Processing /opt/airflow/dags/nft_etl.py took 2.575 seconds
[2024-05-01T18:21:07.151+0000] {processor.py:161} INFO - Started process (PID=13139) to work on /opt/airflow/dags/nft_etl.py
[2024-05-01T18:21:07.157+0000] {processor.py:830} INFO - Processing file /opt/airflow/dags/nft_etl.py for tasks to queue
[2024-05-01T18:21:07.164+0000] {logging_mixin.py:188} INFO - [2024-05-01T18:21:07.163+0000] {dagbag.py:540} INFO - Filling up the DagBag from /opt/airflow/dags/nft_etl.py
[2024-05-01T18:21:07.980+0000] {processor.py:840} INFO - DAG(s) 'nft_etl' retrieved from /opt/airflow/dags/nft_etl.py
[2024-05-01T18:21:08.022+0000] {logging_mixin.py:188} INFO - [2024-05-01T18:21:08.021+0000] {dag.py:3047} INFO - Sync 1 DAGs
[2024-05-01T18:21:08.068+0000] {logging_mixin.py:188} INFO - [2024-05-01T18:21:08.068+0000] {dag.py:3834} INFO - Setting next_dagrun for nft_etl to 2024-05-01 17:30:00+00:00, run_after=2024-05-01 18:00:00+00:00
[2024-05-01T18:21:08.147+0000] {processor.py:183} INFO - Processing /opt/airflow/dags/nft_etl.py took 1.012 seconds
